Date and time: 2025-03-26 11:48:12.348888
Function name: read_csv_file
Arguments: args: ('phonebook_raw.csv',), kwargs: {}
Return value: [['lastname', 'firstname', 'surname', 'organization', 'position', 'phone', 'email'], ['Усольцев Олег Валентинович', '', '', 'ФНС', 'главный специалист – эксперт отдела взаимодействия с федеральными органами власти Управления налогообложения имущества и доходов физических лиц', '+7 (495) 913-04-78', 'opendata@nalog.ru'], ['Мартиняхин Виталий Геннадьевич', '', '', 'ФНС', '', '+74959130037', ''], ['Наркаев', 'Вячеслав Рифхатович', '', 'ФНС', '', '8 495-913-0168', ''], ['Мартиняхин', 'Виталий', 'Геннадьевич', 'ФНС', 'cоветник отдела Интернет проектов Управления информационных технологий', '', ''], ['Лукина Ольга', '', 'Владимировна', 'Минфин', '', '+7 (495) 983-36-99 доб. 2926', 'Olga.Lukina@minfin.ru'], ['Паньшин Алексей Владимирович', '', '', 'Минфин', '', '8(495)748-49-73', '1248@minfin.ru'], ['Лагунцов Иван Алексеевич', '', '', 'Минфин', '', '+7 (495) 913-11-11 (доб. 0792)', ''], ['Лагунцов Иван', '', '', '', '', '', 'Ivan.Laguntcov@minfin.ru'], ['Лукина', 'Оксана', 'Владимировна', 'Минфин', '', '+7 (495) 983-36-99 доб. 2929', 'OLukina@minfin.ru']]
---------------------
Date and time: 2025-03-26 11:48:12.348888
Function name: strip_spaces
Arguments: args: ([['lastname', 'firstname', 'surname', 'organization', 'position', 'phone', 'email'], ['Усольцев Олег Валентинович', '', '', 'ФНС', 'главный специалист – эксперт отдела взаимодействия с федеральными органами власти Управления налогообложения имущества и доходов физических лиц', '+7 (495) 913-04-78', 'opendata@nalog.ru'], ['Мартиняхин Виталий Геннадьевич', '', '', 'ФНС', '', '+74959130037', ''], ['Наркаев', 'Вячеслав Рифхатович', '', 'ФНС', '', '8 495-913-0168', ''], ['Мартиняхин', 'Виталий', 'Геннадьевич', 'ФНС', 'cоветник отдела Интернет проектов Управления информационных технологий', '', ''], ['Лукина Ольга', '', 'Владимировна', 'Минфин', '', '+7 (495) 983-36-99 доб. 2926', 'Olga.Lukina@minfin.ru'], ['Паньшин Алексей Владимирович', '', '', 'Минфин', '', '8(495)748-49-73', '1248@minfin.ru'], ['Лагунцов Иван Алексеевич', '', '', 'Минфин', '', '+7 (495) 913-11-11 (доб. 0792)', ''], ['Лагунцов Иван', '', '', '', '', '', 'Ivan.Laguntcov@minfin.ru'], ['Лукина', 'Оксана', 'Владимировна', 'Минфин', '', '+7 (495) 983-36-99 доб. 2929', 'OLukina@minfin.ru']],), kwargs: {}
Return value: None
---------------------
Date and time: 2025-03-26 11:48:12.349886
Function name: clean_data
Arguments: args: ([['lastname', 'firstname', 'surname', 'organization', 'position', 'phone', 'email'], ['Усольцев Олег Валентинович', '', '', 'ФНС', 'главный специалист – эксперт отдела взаимодействия с федеральными органами власти Управления налогообложения имущества и доходов физических лиц', '+7 (495) 913-04-78', 'opendata@nalog.ru'], ['Мартиняхин Виталий Геннадьевич', '', '', 'ФНС', '', '+74959130037', ''], ['Наркаев', 'Вячеслав Рифхатович', '', 'ФНС', '', '8 495-913-0168', ''], ['Мартиняхин', 'Виталий', 'Геннадьевич', 'ФНС', 'cоветник отдела Интернет проектов Управления информационных технологий', '', ''], ['Лукина Ольга', '', 'Владимировна', 'Минфин', '', '+7 (495) 983-36-99 доб. 2926', 'Olga.Lukina@minfin.ru'], ['Паньшин Алексей Владимирович', '', '', 'Минфин', '', '8(495)748-49-73', '1248@minfin.ru'], ['Лагунцов Иван Алексеевич', '', '', 'Минфин', '', '+7 (495) 913-11-11 (доб. 0792)', ''], ['Лагунцов Иван', '', '', '', '', '', 'Ivan.Laguntcov@minfin.ru'], ['Лукина', 'Оксана', 'Владимировна', 'Минфин', '', '+7 (495) 983-36-99 доб. 2929', 'OLukina@minfin.ru']],), kwargs: {}
Return value: None
---------------------
Date and time: 2025-03-26 11:48:12.349886
Function name: format_name
Arguments: args: ([['lastname', 'firstname', 'surname', 'organization', 'position', 'phone', 'email'], ['Усольцев Олег Валентинович', '', '', 'ФНС', 'главный специалист  эксперт отдела взаимодействия с федеральными органами власти Управления налогообложения имущества и доходов физических лиц', '+7 (495) 913-04-78', 'opendata@nalog.ru'], ['Мартиняхин Виталий Геннадьевич', '', '', 'ФНС', '', '+74959130037', ''], ['Наркаев', 'Вячеслав Рифхатович', '', 'ФНС', '', '8 495-913-0168', ''], ['Мартиняхин', 'Виталий', 'Геннадьевич', 'ФНС', 'cоветник отдела Интернет проектов Управления информационных технологий', '', ''], ['Лукина Ольга', '', 'Владимировна', 'Минфин', '', '+7 (495) 983-36-99 доб. 2926', 'Olga.Lukina@minfin.ru'], ['Паньшин Алексей Владимирович', '', '', 'Минфин', '', '8(495)748-49-73', '1248@minfin.ru'], ['Лагунцов Иван Алексеевич', '', '', 'Минфин', '', '+7 (495) 913-11-11 (доб. 0792)', ''], ['Лагунцов Иван', '', '', '', '', '', 'Ivan.Laguntcov@minfin.ru'], ['Лукина', 'Оксана', 'Владимировна', 'Минфин', '', '+7 (495) 983-36-99 доб. 2929', 'OLukina@minfin.ru']],), kwargs: {}
Return value: None
---------------------
Date and time: 2025-03-26 11:48:12.349886
Function name: format_phone
Arguments: args: ([['lastname', 'firstname', 'surname', 'organization', 'position', 'phone', 'email'], ['Усольцев', 'Олег', 'Валентинович', 'ФНС', 'главный специалист  эксперт отдела взаимодействия с федеральными органами власти Управления налогообложения имущества и доходов физических лиц', '+7 (495) 913-04-78', 'opendata@nalog.ru'], ['Мартиняхин', 'Виталий', 'Геннадьевич', 'ФНС', '', '+74959130037', ''], ['Наркаев', 'Вячеслав', 'Рифхатович', 'ФНС', '', '8 495-913-0168', ''], ['Мартиняхин', 'Виталий', 'Геннадьевич', 'ФНС', 'cоветник отдела Интернет проектов Управления информационных технологий', '', ''], ['Лукина', 'Ольга', '', 'Минфин', '', '+7 (495) 983-36-99 доб. 2926', 'Olga.Lukina@minfin.ru'], ['Паньшин', 'Алексей', 'Владимирович', 'Минфин', '', '8(495)748-49-73', '1248@minfin.ru'], ['Лагунцов', 'Иван', 'Алексеевич', 'Минфин', '', '+7 (495) 913-11-11 (доб. 0792)', ''], ['Лагунцов', 'Иван', '', '', '', '', 'Ivan.Laguntcov@minfin.ru'], ['Лукина', 'Оксана', 'Владимировна', 'Минфин', '', '+7 (495) 983-36-99 доб. 2929', 'OLukina@minfin.ru']],), kwargs: {}
Return value: None
---------------------
Date and time: 2025-03-26 11:48:12.350882
Function name: merge_duplicates
Arguments: args: ([['lastname', 'firstname', 'surname', 'organization', 'position', 'phone', 'email'], ['Усольцев', 'Олег', 'Валентинович', 'ФНС', 'главный специалист  эксперт отдела взаимодействия с федеральными органами власти Управления налогообложения имущества и доходов физических лиц', '+7(495)913-04-78', 'opendata@nalog.ru'], ['Мартиняхин', 'Виталий', 'Геннадьевич', 'ФНС', '', '+7(495)913-00-37', ''], ['Наркаев', 'Вячеслав', 'Рифхатович', 'ФНС', '', '+7(495)913-01-68', ''], ['Мартиняхин', 'Виталий', 'Геннадьевич', 'ФНС', 'cоветник отдела Интернет проектов Управления информационных технологий', '', ''], ['Лукина', 'Ольга', '', 'Минфин', '', '+7(495)983-36-99', 'Olga.Lukina@minfin.ru'], ['Паньшин', 'Алексей', 'Владимирович', 'Минфин', '', '+7(495)748-49-73', '1248@minfin.ru'], ['Лагунцов', 'Иван', 'Алексеевич', 'Минфин', '', '+7(495)913-11-11', ''], ['Лагунцов', 'Иван', '', '', '', '', 'Ivan.Laguntcov@minfin.ru'], ['Лукина', 'Оксана', 'Владимировна', 'Минфин', '', '+7(495)983-36-99', 'OLukina@minfin.ru']],), kwargs: {}
Return value: [['lastname', 'firstname', 'surname', 'organization', 'position', 'phone', 'email'], ['Усольцев', 'Олег', 'Валентинович', 'ФНС', 'главный специалист  эксперт отдела взаимодействия с федеральными органами власти Управления налогообложения имущества и доходов физических лиц', '+7(495)913-04-78', 'opendata@nalog.ru'], ['Мартиняхин', 'Виталий', 'Геннадьевич', 'ФНС', 'cоветник отдела Интернет проектов Управления информационных технологий', '+7(495)913-00-37', ''], ['Наркаев', 'Вячеслав', 'Рифхатович', 'ФНС', '', '+7(495)913-01-68', ''], ['Лукина', 'Ольга', '', 'Минфин', '', '+7(495)983-36-99', 'Olga.Lukina@minfin.ru'], ['Паньшин', 'Алексей', 'Владимирович', 'Минфин', '', '+7(495)748-49-73', '1248@minfin.ru'], ['Лагунцов', 'Иван', 'Алексеевич', 'Минфин', '', '+7(495)913-11-11', 'Ivan.Laguntcov@minfin.ru'], ['Лукина', 'Оксана', 'Владимировна', 'Минфин', '', '+7(495)983-36-99', 'OLukina@minfin.ru']]
---------------------
Date and time: 2025-03-26 11:48:12.350882
Function name: quote_fields_with_commas
Arguments: args: ([['lastname', 'firstname', 'surname', 'organization', 'position', 'phone', 'email'], ['Усольцев', 'Олег', 'Валентинович', 'ФНС', 'главный специалист  эксперт отдела взаимодействия с федеральными органами власти Управления налогообложения имущества и доходов физических лиц', '+7(495)913-04-78', 'opendata@nalog.ru'], ['Мартиняхин', 'Виталий', 'Геннадьевич', 'ФНС', 'cоветник отдела Интернет проектов Управления информационных технологий', '+7(495)913-00-37', ''], ['Наркаев', 'Вячеслав', 'Рифхатович', 'ФНС', '', '+7(495)913-01-68', ''], ['Лукина', 'Ольга', '', 'Минфин', '', '+7(495)983-36-99', 'Olga.Lukina@minfin.ru'], ['Паньшин', 'Алексей', 'Владимирович', 'Минфин', '', '+7(495)748-49-73', '1248@minfin.ru'], ['Лагунцов', 'Иван', 'Алексеевич', 'Минфин', '', '+7(495)913-11-11', 'Ivan.Laguntcov@minfin.ru'], ['Лукина', 'Оксана', 'Владимировна', 'Минфин', '', '+7(495)983-36-99', 'OLukina@minfin.ru']],), kwargs: {}
Return value: None
---------------------
Date and time: 2025-03-26 11:48:12.350882
Function name: write_to_excel
Arguments: args: ([['lastname', 'firstname', 'surname', 'organization', 'position', 'phone', 'email'], ['Усольцев', 'Олег', 'Валентинович', 'ФНС', 'главный специалист  эксперт отдела взаимодействия с федеральными органами власти Управления налогообложения имущества и доходов физических лиц', '+7(495)913-04-78', 'opendata@nalog.ru'], ['Мартиняхин', 'Виталий', 'Геннадьевич', 'ФНС', 'cоветник отдела Интернет проектов Управления информационных технологий', '+7(495)913-00-37', ''], ['Наркаев', 'Вячеслав', 'Рифхатович', 'ФНС', '', '+7(495)913-01-68', ''], ['Лукина', 'Ольга', '', 'Минфин', '', '+7(495)983-36-99', 'Olga.Lukina@minfin.ru'], ['Паньшин', 'Алексей', 'Владимирович', 'Минфин', '', '+7(495)748-49-73', '1248@minfin.ru'], ['Лагунцов', 'Иван', 'Алексеевич', 'Минфин', '', '+7(495)913-11-11', 'Ivan.Laguntcov@minfin.ru'], ['Лукина', 'Оксана', 'Владимировна', 'Минфин', '', '+7(495)983-36-99', 'OLukina@minfin.ru']], 'phonebook.xlsx'), kwargs: {}
Return value: None
---------------------
